<?xml version="1.0" encoding="UTF-8"?>
<testsuite xmlns:xsi="http://www.w3.org/2001/XMLSchema-instance" xsi:noNamespaceSchemaLocation="https://maven.apache.org/surefire/maven-surefire-plugin/xsd/surefire-test-report-3.0.xsd" version="3.0" name="TestSuite" time="7.823" tests="14" errors="0" skipped="0" failures="3">
  <properties>
[...]
</properties>
  <testcase name="testGetUserTimeLineTweet" classname="twitterAPITest.Tweet2Test" time="1.228">
    <system-out><![CDATA[End Point : ===> /users/1557786208402640898/tweets
Base URL : ===> https://api.twitter.com/1.1/users/1557786208402640898/tweets
HTTP/1.1 404 Not Found
cache-control: no-cache, no-store, max-age=0
content-length: 0
x-response-time: 4
x-connection-hash: 6c4402a55d09b8f22eae86a3c27ded20be7d31d3fefda4e835484ceb925baa50
date: Wed, 31 Aug 2022 22:49:09 GMT
server: tsa_b

]]></system-out>
    <system-err><![CDATA[SLF4J: Failed to load class "org.slf4j.impl.StaticLoggerBinder".
SLF4J: Defaulting to no-operation (NOP) logger implementation
SLF4J: See http://www.slf4j.org/codes.html#StaticLoggerBinder for further details.
]]></system-err>
  </testcase>
  <testcase name="testGetUserTimeLineTweetFollowing" classname="twitterAPITest.Tweet2Test" time="0.4">
    <system-out><![CDATA[<html class="dog" lang="en">
  <head>
    <meta http-equiv="Content-Type" content="text/html; charset=utf-8"/>
    <meta name="viewport" content="width=device-width, initial-scale=1.0"/>
    <title>Twitter / ?</title>
    <meta name="version" content="1"/>
    <link href="https://abs.twimg.com/favicons/favicon.ico" rel="shortcut icon" type="image/x-icon"/>
    <link rel="stylesheet" href="https://abs.twimg.com/errors/fullscreen_errors-39d97faf8c7cf33e502c3c015176efd9.css"/>
  </head>
  <body dir="auto">
    <div class="top">
      <svg viewbox="0 0 1519 200">
        <defs/>
        <path d="M708 103l9-5 13 1 2-2 5 1h8l1-1 42-5h7l7 3v1l12-2a9368 9368 0 0129-6l2-5 12 1 6-2 3 1 2 1v-2l13-2v1l4 2 7-1h1l17-3 1 2 4-1 18-7 3-1 4-1h9l13-1 1-4 3-2 13 1v2l22-2 10-3h6l10 5 16-5 15-3 2-1 8-4 6-2 12-1 7-2 8 5 7 1 22-9h7l5-1v-1l25-3 1 2 5 2v1h11l2 1 8-4h3l-1 1h11l10-6 6 3 9-1 4-1 1 1 1-2 6-1 1-1 10-2h2l7-5v1h4l3-1c11 0 23 2 34-3 2-2 7 0 10 0l12 1 4 1 9 2 12-1 11-3 11 1h4l10-6 17 1 2 1c9 2 19-3 22-11l1-1 9 1 15-5c3-1 9 4 9-5 5 0 5 3 5 7l2 3 4-1 4-2 9-4 3-3h3l8-4 6-3 26 2 7-4h18l7 1c10 3 13-6 17-12l8 4 3-1 14-3 15-2a38 38 0 01-5-1l-8-4 7-8 8-4-10-136-922 71 16 205z"/>
        <path d="M-36 193l9-5 13 1 2-2 5 1h8l1-1 42-5h7l7 3v1l12-2a9328 9328 0 0129-6l2-5 12 1 6-2 3 1 2 1v-2l13-2v1l4 2 7-1h1l17-3 1 2 4-1 18-7 3-1 4-1h9l13-1 1-4 3-2 13 1v2l22-2 10-3h6l10 5 16-5 15-3 2-1 8-4 6-2 12-1 7-2 8 5 7 1 22-9h7l5-1v-1l25-3 1 2 5 2v1h11l2 1 8-4h3l-1 1h9a6 6 0 002 0l10-6 6 3 9-1 4-1a6 6 0 001 1l1-2 6-1 1-1 10-2h2l7-5v1h4l3-1c11 0 23 2 34-3 2-2 7 0 10 0l12 1 4 1 9 2 12-1 11-3 11 1h4l10-6 17 1 2 1c9 2 19-3 22-11l1-1 9 1 15-5c3-1 9 4 9-5 5 0 5 3 5 7l2 3 4-1 4-2 9-4 3-3h3l8-4 6-3 26 2 7-4h18l7 1c10 3 13-6 17-12l8 4 3-1 14-3 15-2a37 37 0 01-5-1l-8-4 7-8 8-4-10-136-922 71 16 205z"/>
      </svg>
    </div>
    <div class="container">
      <div class="content">
        <a shape="rect" href="https://twitter.com" title="Twitter logo">
          <svg class="bird" viewbox="0 0 24 24">
            <g>
              <path d="M23.643 4.937c-.835.37-1.732.62-2.675.733.962-.576 1.7-1.49 2.048-2.578-.9.534-1.897.922-2.958 1.13-.85-.904-2.06-1.47-3.4-1.47-2.572 0-4.658 2.086-4.658 4.66 0 .364.042.718.12 1.06-3.873-.195-7.304-2.05-9.602-4.868-.4.69-.63 1.49-.63 2.342 0 1.616.823 3.043 2.072 3.878-.764-.025-1.482-.234-2.11-.583v.06c0 2.257 1.605 4.14 3.737 4.568-.392.106-.803.162-1.227.162-.3 0-.593-.028-.877-.082.593 1.85 2.313 3.198 4.352 3.234-1.595 1.25-3.604 1.995-5.786 1.995-.376 0-.747-.022-1.112-.065 2.062 1.323 4.51 2.093 7.14 2.093 8.57 0 13.255-7.098 13.255-13.254 0-.2-.005-.402-.014-.602.91-.658 1.7-1.477 2.323-2.41z"/>
            </g>
          </svg>
        </a>
        <h1 id="header">Nothing to see here</h1>
        <p id="description">Looks like this page doesn’t exist. Here’s a picture of a poodle sitting in a chair for your trouble.</p>
        <a shape="rect" class="button" id="button_search" href="/">Looking for this?</a>
      </div>
      <img id="image" src="https://abs.twimg.com/errors/ErrorState_NotFound.png" alt="A primped poodle with a bow in its hair sitting in a chair like a human."/>
      <div class="footer">
        <ul>
          <li>
            <a shape="rect" id="footer_home" href="https://twitter.com/">Home</a>
          </li>
          <li>
            <a shape="rect" id="footer_status" href="https://status.twitterstat.us/">Status</a>
          </li>
          <li>
            <a shape="rect" id="footer_tos" href="https://twitter.com/tos">Terms of Service</a>
          </li>
          <li>
            <a shape="rect" id="footer_privacy" href="https://twitter.com/privacy">Privacy Policy</a>
          </li>
          <li>
            <a shape="rect" id="footer_cookie" href="https://support.twitter.com/articles/20170514">Cookie Policy</a>
          </li>
          <li>
            <a shape="rect" id="footer_imprint" href="https://legal.twitter.com/imprint">Imprint</a>
          </li>
          <li>
            <a shape="rect" id="footer_ads" href="https://business.twitter.com/en/help/troubleshooting/how-twitter-ads-work.html">Ads info</a>
          </li>
          <li dir="ltr">
© Twitter             <span id="copyright-year">    </span>
          </li>
        </ul>
      </div>
    </div>
  </body>
  <script src="https://abs.twimg.com/errors/404-8651f633fd193e0b546010676a4fac06.js"/>
</html>
]]></system-out>
  </testcase>
  <testcase name="testGetUserTimeLineTweet" classname="twitterAPITest.TweetTest" time="1.248">
    <failure message="Text value does not match expected [Hello Babor Vai, Welcome to our class6] but found [We are learning Rest API Automation and Hashem is the team Lead52ebbd53-913d-4f82-a8d2-3b8f395fc166]" type="java.lang.AssertionError"><![CDATA[java.lang.AssertionError: Text value does not match expected [Hello Babor Vai, Welcome to our class6] but found [We are learning Rest API Automation and Hashem is the team Lead52ebbd53-913d-4f82-a8d2-3b8f395fc166]
	at twitterAPITest.TweetTest.testGetUserTimeLineTweet(TweetTest.java:40)
]]></failure>
    <system-out><![CDATA[io.restassured.internal.ValidatableResponseImpl@526b2f3e
]]></system-out>
  </testcase>
  <testcase name="testGetUserTimeLineTweetNew" classname="twitterAPITest.TweetTest" time="0.894">
    <failure message="Text value does not match expected [Hello Babor Vai, Welcome to our class6] but found [We are learning Rest API Automation and Hashem is the team Lead52ebbd53-913d-4f82-a8d2-3b8f395fc166]" type="java.lang.AssertionError"><![CDATA[java.lang.AssertionError: Text value does not match expected [Hello Babor Vai, Welcome to our class6] but found [We are learning Rest API Automation and Hashem is the team Lead52ebbd53-913d-4f82-a8d2-3b8f395fc166]
	at twitterAPITest.TweetTest.testGetUserTimeLineTweetNew(TweetTest.java:62)
]]></failure>
    <system-out><![CDATA[[
    {
        "created_at": "Wed Aug 31 22:48:12 +0000 2022",
        "id": 1565109227919663104,
        "id_str": "1565109227919663104",
        "text": "We are learning Rest API Automation and Hashem is the team Lead52ebbd53-913d-4f82-a8d2-3b8f395fc166",
        "truncated": false,
        "entities": {
            "hashtags": [
                
            ],
            "symbols": [
                
            ],
            "user_mentions": [
                
            ],
            "urls": [
                
            ]
        },
        "source": "<a href=\"https://qatest122.com\" rel=\"nofollow\">API_QE_WINTER2022_M$I</a>",
        "in_reply_to_status_id": null,
        "in_reply_to_status_id_str": null,
        "in_reply_to_user_id": null,
        "in_reply_to_user_id_str": null,
        "in_reply_to_screen_name": null,
        "user": {
            "id": 1557786208402640898,
            "id_str": "1557786208402640898",
            "name": "MD SHAHADUL ISLAM SHEBLEY",
            "screen_name": "shebley_md",
            "location": "",
            "description": "Simplicity is king…",
            "url": null,
            "entities": {
                "description": {
                    "urls": [
                        
                    ]
                }
            },
            "protected": false,
            "followers_count": 1,
            "friends_count": 14,
            "listed_count": 0,
            "created_at": "Thu Aug 11 17:49:40 +0000 2022",
            "favourites_count": 10,
            "utc_offset": null,
            "time_zone": null,
            "geo_enabled": false,
            "verified": false,
            "statuses_count": 11,
            "lang": null,
            "contributors_enabled": false,
            "is_translator": false,
            "is_translation_enabled": false,
            "profile_background_color": "F5F8FA",
            "profile_background_image_url": null,
            "profile_background_image_url_https": null,
            "profile_background_tile": false,
            "profile_image_url": "http://pbs.twimg.com/profile_images/1557786418684071941/GCTITrwQ_normal.jpg",
            "profile_image_url_https": "https://pbs.twimg.com/profile_images/1557786418684071941/GCTITrwQ_normal.jpg",
            "profile_banner_url": "https://pbs.twimg.com/profile_banners/1557786208402640898/1661890786",
            "profile_link_color": "1DA1F2",
            "profile_sidebar_border_color": "C0DEED",
            "profile_sidebar_fill_color": "DDEEF6",
            "profile_text_color": "333333",
            "profile_use_background_image": true,
            "has_extended_profile": true,
            "default_profile": true,
            "default_profile_image": false,
            "following": false,
            "follow_request_sent": false,
            "notifications": false,
            "translator_type": "none",
            "withheld_in_countries": [
                
            ]
        },
        "geo": null,
        "coordinates": null,
        "place": null,
        "contributors": null,
        "is_quote_status": false,
        "retweet_count": 0,
        "favorite_count": 0,
        "favorited": false,
        "retweeted": false,
        "lang": "en"
    },
    {
        "created_at": "Wed Aug 31 22:45:09 +0000 2022",
        "id": 1565108460202737668,
        "id_str": "1565108460202737668",
        "text": "Moore holds massive fundraising lead over Cox in Maryland election https://t.co/2Uzzn757a2",
        "truncated": false,
        "entities": {
            "hashtags": [
                
            ],
            "symbols": [
                
            ],
            "user_mentions": [
                
            ],
            "urls": [
                {
                    "url": "https://t.co/2Uzzn757a2",
                    "expanded_url": "https://fxn.ws/3CLCqkI",
                    "display_url": "fxn.ws/3CLCqkI",
                    "indices": [
                        67,
                        90
                    ]
                }
            ]
        },
        "source": "<a href=\"http://www.socialflow.com\" rel=\"nofollow\">SocialFlow</a>",
        "in_reply_to_status_id": null,
        "in_reply_to_status_id_str": null,
        "in_reply_to_user_id": null,
        "in_reply_to_user_id_str": null,
        "in_reply_to_screen_name": null,
        "user": {
            "id": 1367531,
            "id_str": "1367531",
            "name": "Fox News",
            "screen_name": "FoxNews",
            "location": "U.S.A.",
            "description": "Follow America's #1 cable news network, delivering you breaking news, insightful analysis, and must-see videos. https://t.co/sXA1eVB5Gv",
            "url": "https://t.co/s4jEId5Aef",
            "entities": {
                "url": {
                    "urls": [
                        {
                            "url": "https://t.co/s4jEId5Aef",
                            "expanded_url": "http://www.foxnews.com",
                            "display_url": "foxnews.com",
                            "indices": [
                                0,
                                23
                            ]
                        }
                    ]
                },
                "description": {
                    "urls": [
                        {
                            "url": "https://t.co/sXA1eVB5Gv",
                            "expanded_url": "http://foxnews.com/contact",
                            "display_url": "foxnews.com/contact",
                            "indices": [
                                112,
                                135
                            ]
                        }
                    ]
                }
            },
            "protected": false,
            "followers_count": 22305278,
            "friends_count": 261,
            "listed_count": 72680,
            "created_at": "Sat Mar 17 19:01:26 +0000 2007",
            "favourites_count": 4,
            "utc_offset": null,
            "time_zone": null,
            "geo_enabled": true,
            "verified": true,
            "statuses_count": 492198,
            "lang": null,
            "contributors_enabled": false,
            "is_translator": false,
            "is_translation_enabled": true,
            "profile_background_color": "0E2331",
            "profile_background_image_url": "http://abs.twimg.com/images/themes/theme1/bg.png",
            "profile_background_image_url_https": "https://abs.twimg.com/images/themes/theme1/bg.png",
            "profile_background_tile": false,
            "profile_image_url": "http://pbs.twimg.com/profile_images/1459143267673677853/xtIvtfZp_normal.jpg",
            "profile_image_url_https": "https://pbs.twimg.com/profile_images/1459143267673677853/xtIvtfZp_normal.jpg",
            "profile_banner_url": "https://pbs.twimg.com/profile_banners/1367531/1492649996",
            "profile_link_color": "183A52",
            "profile_sidebar_border_color": "FFFFFF",
            "profile_sidebar_fill_color": "F4F4F4",
            "profile_text_color": "000000",
            "profile_use_background_image": true,
            "has_extended_profile": false,
            "default_profile": false,
            "default_profile_image": false,
            "following": true,
            "follow_request_sent": false,
            "notifications": false,
            "translator_type": "regular",
            "withheld_in_countries": [
                
            ]
        },
        "geo": null,
        "coordinates": null,
        "place": null,
        "contributors": null,
        "is_quote_status": false,
        "retweet_count": 5,
        "favorite_count": 8,
        "favorited": false,
        "retweeted": false,
        "possibly_sensitive": false,
        "possibly_sensitive_appealable": false,
        "lang": "en"
    },
    {
        "created_at": "Wed Aug 31 22:40:06 +0000 2022",
        "id": 1565107186849685506,
        "id_str": "1565107186849685506",
        "text": "John Simpson: Mikhail Gorbachev was a man of decency but not vision https://t.co/qxlYh4sPw8",
        "truncated": false,
        "entities": {
            "hashtags": [
                
            ],
            "symbols": [
                
            ],
            "user_mentions": [
                
            ],
            "urls": [
                {
                    "url": "https://t.co/qxlYh4sPw8",
                    "expanded_url": "https://bbc.in/3KOCuSR",
                    "display_url": "bbc.in/3KOCuSR",
                    "indices": [
                        68,
                        91
                    ]
                }
            ]
        },
        "source": "<a href=\"http://www.socialflow.com\" rel=\"nofollow\">SocialFlow</a>",
        "in_reply_to_status_id": null,
        "in_reply_to_status_id_str": null,
        "in_reply_to_user_id": null,
        "in_reply_to_user_id_str": null,
        "in_reply_to_screen_name": null,
        "user": {
            "id": 742143,
            "id_str": "742143",
            "name": "BBC News (World)",
            "screen_name": "BBCWorld",
            "location": "London, UK",
            "description": "News, features and analysis from the World's newsroom. Breaking news, follow @BBCBreaking. UK news, @BBCNews. Latest sports news @BBCSport",
            "url": "https://t.co/4zUWrLAYqP",
            "entities": {
                "url": {
                    "urls": [
                        {
                            "url": "https://t.co/4zUWrLAYqP",
                            "expanded_url": "http://www.bbc.com/news",
                            "display_url": "bbc.com/news",
                            "indices": [
                                0,
                                23
                            ]
                        }
                    ]
                },
                "description": {
                    "urls": [
                        
                    ]
                }
            },
            "protected": false,
            "followers_count": 38022012,
            "friends_count": 18,
            "listed_count": 132778,
            "created_at": "Thu Feb 01 07:44:29 +0000 2007",
            "favourites_count": 1,
            "utc_offset": null,
            "time_zone": null,
            "geo_enabled": true,
            "verified": true,
            "statuses_count": 350860,
            "lang": null,
            "contributors_enabled": false,
            "is_translator": false,
            "is_translation_enabled": true,
            "profile_background_color": "FFFFFF",
            "profile_background_image_url": "http://abs.twimg.com/images/themes/theme1/bg.png",
            "profile_background_image_url_https": "https://abs.twimg.com/images/themes/theme1/bg.png",
            "profile_background_tile": false,
            "profile_image_url": "http://pbs.twimg.com/profile_images/1529107170448523264/q3VwEx38_normal.jpg",
            "profile_image_url_https": "https://pbs.twimg.com/profile_images/1529107170448523264/q3VwEx38_normal.jpg",
            "profile_banner_url": "https://pbs.twimg.com/profile_banners/742143/1653400584",
            "profile_link_color": "1F527B",
            "profile_sidebar_border_color": "FFFFFF",
            "profile_sidebar_fill_color": "FFFFFF",
            "profile_text_color": "5A5A5A",
            "profile_use_background_image": true,
            "has_extended_profile": false,
            "default_profile": false,
            "default_profile_image": false,
            "following": true,
            "follow_request_sent": false,
            "notifications": false,
            "translator_type": "none",
            "withheld_in_countries": [
                
            ]
        },
        "geo": null,
        "coordinates": null,
        "place": null,
        "contributors": null,
        "is_quote_status": false,
        "retweet_count": 9,
        "favorite_count": 39,
        "favorited": false,
        "retweeted": false,
        "possibly_sensitive": false,
        "possibly_sensitive_appealable": false,
        "lang": "en"
    },
    {
        "created_at": "Wed Aug 31 22:40:04 +0000 2022",
        "id": 1565107180105236482,
        "id_str": "1565107180105236482",
        "text": "Florida deputies find body in pond next to Hooters restaurant https://t.co/wXgUXhXzHL",
        "truncated": false,
        "entities": {
            "hashtags": [
                
            ],
            "symbols": [
                
            ],
            "user_mentions": [
                
            ],
            "urls": [
                {
                    "url": "https://t.co/wXgUXhXzHL",
                    "expanded_url": "https://fxn.ws/3pYUKPF",
                    "display_url": "fxn.ws/3pYUKPF",
                    "indices": [
                        62,
                        85
                    ]
                }
            ]
        },
        "source": "<a href=\"http://www.socialflow.com\" rel=\"nofollow\">SocialFlow</a>",
        "in_reply_to_status_id": null,
        "in_reply_to_status_id_str": null,
        "in_reply_to_user_id": null,
        "in_reply_to_user_id_str": null,
        "in_reply_to_screen_name": null,
        "user": {
            "id": 1367531,
            "id_str": "1367531",
            "name": "Fox News",
            "screen_name": "FoxNews",
            "location": "U.S.A.",
            "description": "Follow America's #1 cable news network, delivering you breaking news, insightful analysis, and must-see videos. https://t.co/sXA1eVB5Gv",
            "url": "https://t.co/s4jEId5Aef",
            "entities": {
                "url": {
                    "urls": [
                        {
                            "url": "https://t.co/s4jEId5Aef",
                            "expanded_url": "http://www.foxnews.com",
                            "display_url": "foxnews.com",
                            "indices": [
                                0,
                                23
                            ]
                        }
                    ]
                },
                "description": {
                    "urls": [
                        {
                            "url": "https://t.co/sXA1eVB5Gv",
                            "expanded_url": "http://foxnews.com/contact",
                            "display_url": "foxnews.com/contact",
                            "indices": [
                                112,
                                135
                            ]
                        }
                    ]
                }
            },
            "protected": false,
            "followers_count": 22305278,
            "friends_count": 261,
            "listed_count": 72680,
            "created_at": "Sat Mar 17 19:01:26 +0000 2007",
            "favourites_count": 4,
            "utc_offset": null,
            "time_zone": null,
            "geo_enabled": true,
            "verified": true,
            "statuses_count": 492198,
            "lang": null,
            "contributors_enabled": false,
            "is_translator": false,
            "is_translation_enabled": true,
            "profile_background_color": "0E2331",
            "profile_background_image_url": "http://abs.twimg.com/images/themes/theme1/bg.png",
            "profile_background_image_url_https": "https://abs.twimg.com/images/themes/theme1/bg.png",
            "profile_background_tile": false,
            "profile_image_url": "http://pbs.twimg.com/profile_images/1459143267673677853/xtIvtfZp_normal.jpg",
            "profile_image_url_https": "https://pbs.twimg.com/profile_images/1459143267673677853/xtIvtfZp_normal.jpg",
            "profile_banner_url": "https://pbs.twimg.com/profile_banners/1367531/1492649996",
            "profile_link_color": "183A52",
            "profile_sidebar_border_color": "FFFFFF",
            "profile_sidebar_fill_color": "F4F4F4",
            "profile_text_color": "000000",
            "profile_use_background_image": true,
            "has_extended_profile": false,
            "default_profile": false,
            "default_profile_image": false,
            "following": true,
            "follow_request_sent": false,
            "notifications": false,
            "translator_type": "regular",
            "withheld_in_countries": [
                
            ]
        },
        "geo": null,
        "coordinates": null,
        "place": null,
        "contributors": null,
        "is_quote_status": false,
        "retweet_count": 8,
        "favorite_count": 16,
        "favorited": false,
        "retweeted": false,
        "possibly_sensitive": false,
        "possibly_sensitive_appealable": false,
        "lang": "en"
    },
    {
        "created_at": "Wed Aug 31 22:35:06 +0000 2022",
        "id": 1565105930785771520,
        "id_str": "1565105930785771520",
        "text": "Sen. Rick Scott demands answers from CDC head regarding taxpayer-funded media training from Dem consultant… https://t.co/majWadImlq",
        "truncated": true,
        "entities": {
            "hashtags": [
                
            ],
            "symbols": [
                
            ],
            "user_mentions": [
                
            ],
            "urls": [
                {
                    "url": "https://t.co/majWadImlq",
                    "expanded_url": "https://twitter.com/i/web/status/1565105930785771520",
                    "display_url": "twitter.com/i/web/status/1…",
                    "indices": [
                        108,
                        131
                    ]
                }
            ]
        },
        "source": "<a href=\"http://www.socialflow.com\" rel=\"nofollow\">SocialFlow</a>",
        "in_reply_to_status_id": null,
        "in_reply_to_status_id_str": null,
        "in_reply_to_user_id": null,
        "in_reply_to_user_id_str": null,
        "in_reply_to_screen_name": null,
        "user": {
            "id": 1367531,
            "id_str": "1367531",
            "name": "Fox News",
            "screen_name": "FoxNews",
            "location": "U.S.A.",
            "description": "Follow America's #1 cable news network, delivering you breaking news, insightful analysis, and must-see videos. https://t.co/sXA1eVB5Gv",
            "url": "https://t.co/s4jEId5Aef",
            "entities": {
                "url": {
                    "urls": [
                        {
                            "url": "https://t.co/s4jEId5Aef",
                            "expanded_url": "http://www.foxnews.com",
                            "display_url": "foxnews.com",
                            "indices": [
                                0,
                                23
                            ]
                        }
                    ]
                },
                "description": {
                    "urls": [
                        {
                            "url": "https://t.co/sXA1eVB5Gv",
                            "expanded_url": "http://foxnews.com/contact",
                            "display_url": "foxnews.com/contact",
                            "indices": [
                                112,
                                135
                            ]
                        }
                    ]
                }
            },
            "protected": false,
            "followers_count": 22305278,
            "friends_count": 261,
            "listed_count": 72680,
            "created_at": "Sat Mar 17 19:01:26 +0000 2007",
            "favourites_count": 4,
            "utc_offset": null,
            "time_zone": null,
            "geo_enabled": true,
            "verified": true,
            "statuses_count": 492198,
            "lang": null,
            "contributors_enabled": false,
            "is_translator": false,
            "is_translation_enabled": true,
            "profile_background_color": "0E2331",
            "profile_background_image_url": "http://abs.twimg.com/images/themes/theme1/bg.png",
            "profile_background_image_url_https": "https://abs.twimg.com/images/themes/theme1/bg.png",
            "profile_background_tile": false,
            "profile_image_url": "http://pbs.twimg.com/profile_images/1459143267673677853/xtIvtfZp_normal.jpg",
            "profile_image_url_https": "https://pbs.twimg.com/profile_images/1459143267673677853/xtIvtfZp_normal.jpg",
            "profile_banner_url": "https://pbs.twimg.com/profile_banners/1367531/1492649996",
            "profile_link_color": "183A52",
            "profile_sidebar_border_color": "FFFFFF",
            "profile_sidebar_fill_color": "F4F4F4",
            "profile_text_color": "000000",
            "profile_use_background_image": true,
            "has_extended_profile": false,
            "default_profile": false,
            "default_profile_image": false,
            "following": true,
            "follow_request_sent": false,
            "notifications": false,
            "translator_type": "regular",
            "withheld_in_countries": [
                
            ]
        },
        "geo": null,
        "coordinates": null,
        "place": null,
        "contributors": null,
        "is_quote_status": false,
        "retweet_count": 22,
        "favorite_count": 74,
        "favorited": false,
        "retweeted": false,
        "possibly_sensitive": false,
        "possibly_sensitive_appealable": false,
        "lang": "en"
    },
    {
        "created_at": "Wed Aug 31 22:30:08 +0000 2022",
        "id": 1565104681382289408,
        "id_str": "1565104681382289408",
        "text": "Chick-fil-A's hunger relief program reaches 15M-meal milestone in its 10th year https://t.co/02ETK0fyki",
        "truncated": false,
        "entities": {
            "hashtags": [
                
            ],
            "symbols": [
                
            ],
            "user_mentions": [
                
            ],
            "urls": [
                {
                    "url": "https://t.co/02ETK0fyki",
                    "expanded_url": "https://fxn.ws/3cAtYKk",
                    "display_url": "fxn.ws/3cAtYKk",
                    "indices": [
                        80,
                        103
                    ]
                }
            ]
        },
        "source": "<a href=\"http://www.socialflow.com\" rel=\"nofollow\">SocialFlow</a>",
        "in_reply_to_status_id": null,
        "in_reply_to_status_id_str": null,
        "in_reply_to_user_id": null,
        "in_reply_to_user_id_str": null,
        "in_reply_to_screen_name": null,
        "user": {
            "id": 1367531,
            "id_str": "1367531",
            "name": "Fox News",
            "screen_name": "FoxNews",
            "location": "U.S.A.",
            "description": "Follow America's #1 cable news network, delivering you breaking news, insightful analysis, and must-see videos. https://t.co/sXA1eVB5Gv",
            "url": "https://t.co/s4jEId5Aef",
            "entities": {
                "url": {
                    "urls": [
                        {
                            "url": "https://t.co/s4jEId5Aef",
                            "expanded_url": "http://www.foxnews.com",
                            "display_url": "foxnews.com",
                            "indices": [
                                0,
                                23
                            ]
                        }
                    ]
                },
                "description": {
                    "urls": [
                        {
                            "url": "https://t.co/sXA1eVB5Gv",
                            "expanded_url": "http://foxnews.com/contact",
                            "display_url": "foxnews.com/contact",
                            "indices": [
                                112,
                                135
                            ]
                        }
                    ]
                }
            },
            "protected": false,
            "followers_count": 22305278,
            "friends_count": 261,
            "listed_count": 72680,
            "created_at": "Sat Mar 17 19:01:26 +0000 2007",
            "favourites_count": 4,
            "utc_offset": null,
            "time_zone": null,
            "geo_enabled": true,
            "verified": true,
            "statuses_count": 492198,
            "lang": null,
            "contributors_enabled": false,
            "is_translator": false,
            "is_translation_enabled": true,
            "profile_background_color": "0E2331",
            "profile_background_image_url": "http://abs.twimg.com/images/themes/theme1/bg.png",
            "profile_background_image_url_https": "https://abs.twimg.com/images/themes/theme1/bg.png",
            "profile_background_tile": false,
            "profile_image_url": "http://pbs.twimg.com/profile_images/1459143267673677853/xtIvtfZp_normal.jpg",
            "profile_image_url_https": "https://pbs.twimg.com/profile_images/1459143267673677853/xtIvtfZp_normal.jpg",
            "profile_banner_url": "https://pbs.twimg.com/profile_banners/1367531/1492649996",
            "profile_link_color": "183A52",
            "profile_sidebar_border_color": "FFFFFF",
            "profile_sidebar_fill_color": "F4F4F4",
            "profile_text_color": "000000",
            "profile_use_background_image": true,
            "has_extended_profile": false,
            "default_profile": false,
            "default_profile_image": false,
            "following": true,
            "follow_request_sent": false,
            "notifications": false,
            "translator_type": "regular",
            "withheld_in_countries": [
                
            ]
        },
        "geo": null,
        "coordinates": null,
        "place": null,
        "contributors": null,
        "is_quote_status": false,
        "retweet_count": 27,
        "favorite_count": 135,
        "favorited": false,
        "retweeted": false,
        "possibly_sensitive": false,
        "possibly_sensitive_appealable": false,
        "lang": "en"
    },
    {
        "created_at": "Wed Aug 31 22:26:03 +0000 2022",
        "id": 1565103651240247296,
        "id_str": "1565103651240247296",
        "text": "BREAKING THE MOLD: Conservative host @greggutfeld has made history by ending liberal pundit’s 5-year ratings streak… https://t.co/Ig4GGIemS9",
        "truncated": true,
        "entities": {
            "hashtags": [
                
            ],
            "symbols": [
                
            ],
            "user_mentions": [
                {
                    "screen_name": "greggutfeld",
                    "name": "GregGutfeld",
                    "id": 28628850,
                    "id_str": "28628850",
                    "indices": [
                        37,
                        49
                    ]
                }
            ],
            "urls": [
                {
                    "url": "https://t.co/Ig4GGIemS9",
                    "expanded_url": "https://twitter.com/i/web/status/1565103651240247296",
                    "display_url": "twitter.com/i/web/status/1…",
                    "indices": [
                        117,
                        140
                    ]
                }
            ]
        },
        "source": "<a href=\"http://www.socialflow.com\" rel=\"nofollow\">SocialFlow</a>",
        "in_reply_to_status_id": null,
        "in_reply_to_status_id_str": null,
        "in_reply_to_user_id": null,
        "in_reply_to_user_id_str": null,
        "in_reply_to_screen_name": null,
        "user": {
            "id": 1367531,
            "id_str": "1367531",
            "name": "Fox News",
            "screen_name": "FoxNews",
            "location": "U.S.A.",
            "description": "Follow America's #1 cable news network, delivering you breaking news, insightful analysis, and must-see videos. https://t.co/sXA1eVB5Gv",
            "url": "https://t.co/s4jEId5Aef",
            "entities": {
                "url": {
                    "urls": [
                        {
                            "url": "https://t.co/s4jEId5Aef",
                            "expanded_url": "http://www.foxnews.com",
                            "display_url": "foxnews.com",
                            "indices": [
                                0,
                                23
                            ]
                        }
                    ]
                },
                "description": {
                    "urls": [
                        {
                            "url": "https://t.co/sXA1eVB5Gv",
                            "expanded_url": "http://foxnews.com/contact",
                            "display_url": "foxnews.com/contact",
                            "indices": [
                                112,
                                135
                            ]
                        }
                    ]
                }
            },
            "protected": false,
            "followers_count": 22305278,
            "friends_count": 261,
            "listed_count": 72680,
            "created_at": "Sat Mar 17 19:01:26 +0000 2007",
            "favourites_count": 4,
            "utc_offset": null,
            "time_zone": null,
            "geo_enabled": true,
            "verified": true,
            "statuses_count": 492198,
            "lang": null,
            "contributors_enabled": false,
            "is_translator": false,
            "is_translation_enabled": true,
            "profile_background_color": "0E2331",
            "profile_background_image_url": "http://abs.twimg.com/images/themes/theme1/bg.png",
            "profile_background_image_url_https": "https://abs.twimg.com/images/themes/theme1/bg.png",
            "profile_background_tile": false,
            "profile_image_url": "http://pbs.twimg.com/profile_images/1459143267673677853/xtIvtfZp_normal.jpg",
            "profile_image_url_https": "https://pbs.twimg.com/profile_images/1459143267673677853/xtIvtfZp_normal.jpg",
            "profile_banner_url": "https://pbs.twimg.com/profile_banners/1367531/1492649996",
            "profile_link_color": "183A52",
            "profile_sidebar_border_color": "FFFFFF",
            "profile_sidebar_fill_color": "F4F4F4",
            "profile_text_color": "000000",
            "profile_use_background_image": true,
            "has_extended_profile": false,
            "default_profile": false,
            "default_profile_image": false,
            "following": true,
            "follow_request_sent": false,
            "notifications": false,
            "translator_type": "regular",
            "withheld_in_countries": [
                
            ]
        },
        "geo": null,
        "coordinates": null,
        "place": null,
        "contributors": null,
        "is_quote_status": false,
        "retweet_count": 97,
        "favorite_count": 742,
        "favorited": false,
        "retweeted": false,
        "possibly_sensitive": false,
        "possibly_sensitive_appealable": false,
        "lang": "en"
    },
    {
        "created_at": "Wed Aug 31 22:25:56 +0000 2022",
        "id": 1565103623947829249,
        "id_str": "1565103623947829249",
        "text": "FACT OR FICTION: Rachel Williams claims the show portrayed her as ‘greedy, snobbish, disloyal, dishonest,’ and so m… https://t.co/bINfmze1q4",
        "truncated": true,
        "entities": {
            "hashtags": [
                
            ],
            "symbols": [
                
            ],
            "user_mentions": [
                
            ],
            "urls": [
                {
                    "url": "https://t.co/bINfmze1q4",
                    "expanded_url": "https://twitter.com/i/web/status/1565103623947829249",
                    "display_url": "twitter.com/i/web/status/1…",
                    "indices": [
                        117,
                        140
                    ]
                }
            ]
        },
        "source": "<a href=\"http://www.socialflow.com\" rel=\"nofollow\">SocialFlow</a>",
        "in_reply_to_status_id": null,
        "in_reply_to_status_id_str": null,
        "in_reply_to_user_id": null,
        "in_reply_to_user_id_str": null,
        "in_reply_to_screen_name": null,
        "user": {
            "id": 1367531,
            "id_str": "1367531",
            "name": "Fox News",
            "screen_name": "FoxNews",
            "location": "U.S.A.",
            "description": "Follow America's #1 cable news network, delivering you breaking news, insightful analysis, and must-see videos. https://t.co/sXA1eVB5Gv",
            "url": "https://t.co/s4jEId5Aef",
            "entities": {
                "url": {
                    "urls": [
                        {
                            "url": "https://t.co/s4jEId5Aef",
                            "expanded_url": "http://www.foxnews.com",
                            "display_url": "foxnews.com",
                            "indices": [
                                0,
                                23
                            ]
                        }
                    ]
                },
                "description": {
                    "urls": [
                        {
                            "url": "https://t.co/sXA1eVB5Gv",
                            "expanded_url": "http://foxnews.com/contact",
                            "display_url": "foxnews.com/contact",
                            "indices": [
                                112,
                                135
                            ]
                        }
                    ]
                }
            },
            "protected": false,
            "followers_count": 22305278,
            "friends_count": 261,
            "listed_count": 72680,
            "created_at": "Sat Mar 17 19:01:26 +0000 2007",
            "favourites_count": 4,
            "utc_offset": null,
            "time_zone": null,
            "geo_enabled": true,
            "verified": true,
            "statuses_count": 492198,
            "lang": null,
            "contributors_enabled": false,
            "is_translator": false,
            "is_translation_enabled": true,
            "profile_background_color": "0E2331",
            "profile_background_image_url": "http://abs.twimg.com/images/themes/theme1/bg.png",
            "profile_background_image_url_https": "https://abs.twimg.com/images/themes/theme1/bg.png",
            "profile_background_tile": false,
            "profile_image_url": "http://pbs.twimg.com/profile_images/1459143267673677853/xtIvtfZp_normal.jpg",
            "profile_image_url_https": "https://pbs.twimg.com/profile_images/1459143267673677853/xtIvtfZp_normal.jpg",
            "profile_banner_url": "https://pbs.twimg.com/profile_banners/1367531/1492649996",
            "profile_link_color": "183A52",
            "profile_sidebar_border_color": "FFFFFF",
            "profile_sidebar_fill_color": "F4F4F4",
            "profile_text_color": "000000",
            "profile_use_background_image": true,
            "has_extended_profile": false,
            "default_profile": false,
            "default_profile_image": false,
            "following": true,
            "follow_request_sent": false,
            "notifications": false,
            "translator_type": "regular",
            "withheld_in_countries": [
                
            ]
        },
        "geo": null,
        "coordinates": null,
        "place": null,
        "contributors": null,
        "is_quote_status": false,
        "retweet_count": 6,
        "favorite_count": 28,
        "favorited": false,
        "retweeted": false,
        "possibly_sensitive": false,
        "possibly_sensitive_appealable": false,
        "lang": "en"
    },
    {
        "created_at": "Wed Aug 31 22:25:03 +0000 2022",
        "id": 1565103400504758273,
        "id_str": "1565103400504758273",
        "text": "Atlanta skyscraper fire sends a dark column of smoke into the sky https://t.co/8UoMBqTiIJ",
        "truncated": false,
        "entities": {
            "hashtags": [
                
            ],
            "symbols": [
                
            ],
            "user_mentions": [
                
            ],
            "urls": [
                {
                    "url": "https://t.co/8UoMBqTiIJ",
                    "expanded_url": "https://fxn.ws/3TIcpJd",
                    "display_url": "fxn.ws/3TIcpJd",
                    "indices": [
                        66,
                        89
                    ]
                }
            ]
        },
        "source": "<a href=\"http://www.socialflow.com\" rel=\"nofollow\">SocialFlow</a>",
        "in_reply_to_status_id": null,
        "in_reply_to_status_id_str": null,
        "in_reply_to_user_id": null,
        "in_reply_to_user_id_str": null,
        "in_reply_to_screen_name": null,
        "user": {
            "id": 1367531,
            "id_str": "1367531",
            "name": "Fox News",
            "screen_name": "FoxNews",
            "location": "U.S.A.",
            "description": "Follow America's #1 cable news network, delivering you breaking news, insightful analysis, and must-see videos. https://t.co/sXA1eVB5Gv",
            "url": "https://t.co/s4jEId5Aef",
            "entities": {
                "url": {
                    "urls": [
                        {
                            "url": "https://t.co/s4jEId5Aef",
                            "expanded_url": "http://www.foxnews.com",
                            "display_url": "foxnews.com",
                            "indices": [
                                0,
                                23
                            ]
                        }
                    ]
                },
                "description": {
                    "urls": [
                        {
                            "url": "https://t.co/sXA1eVB5Gv",
                            "expanded_url": "http://foxnews.com/contact",
                            "display_url": "foxnews.com/contact",
                            "indices": [
                                112,
                                135
                            ]
                        }
                    ]
                }
            },
            "protected": false,
            "followers_count": 22305278,
            "friends_count": 261,
            "listed_count": 72680,
            "created_at": "Sat Mar 17 19:01:26 +0000 2007",
            "favourites_count": 4,
            "utc_offset": null,
            "time_zone": null,
            "geo_enabled": true,
            "verified": true,
            "statuses_count": 492198,
            "lang": null,
            "contributors_enabled": false,
            "is_translator": false,
            "is_translation_enabled": true,
            "profile_background_color": "0E2331",
            "profile_background_image_url": "http://abs.twimg.com/images/themes/theme1/bg.png",
            "profile_background_image_url_https": "https://abs.twimg.com/images/themes/theme1/bg.png",
            "profile_background_tile": false,
            "profile_image_url": "http://pbs.twimg.com/profile_images/1459143267673677853/xtIvtfZp_normal.jpg",
            "profile_image_url_https": "https://pbs.twimg.com/profile_images/1459143267673677853/xtIvtfZp_normal.jpg",
            "profile_banner_url": "https://pbs.twimg.com/profile_banners/1367531/1492649996",
            "profile_link_color": "183A52",
            "profile_sidebar_border_color": "FFFFFF",
            "profile_sidebar_fill_color": "F4F4F4",
            "profile_text_color": "000000",
            "profile_use_background_image": true,
            "has_extended_profile": false,
            "default_profile": false,
            "default_profile_image": false,
            "following": true,
            "follow_request_sent": false,
            "notifications": false,
            "translator_type": "regular",
            "withheld_in_countries": [
                
            ]
        },
        "geo": null,
        "coordinates": null,
        "place": null,
        "contributors": null,
        "is_quote_status": false,
        "retweet_count": 16,
        "favorite_count": 32,
        "favorited": false,
        "retweeted": false,
        "possibly_sensitive": false,
        "possibly_sensitive_appealable": false,
        "lang": "en"
    },
    {
        "created_at": "Wed Aug 31 22:22:00 +0000 2022",
        "id": 1565102633156845568,
        "id_str": "1565102633156845568",
        "text": "We have recovered all jobs lost in the pandemic. Schools are back open. Small businesses are growing. Because we ar… https://t.co/DdlFyxg4Vv",
        "truncated": true,
        "entities": {
            "hashtags": [
                
            ],
            "symbols": [
                
            ],
            "user_mentions": [
                
            ],
            "urls": [
                {
                    "url": "https://t.co/DdlFyxg4Vv",
                    "expanded_url": "https://twitter.com/i/web/status/1565102633156845568",
                    "display_url": "twitter.com/i/web/status/1…",
                    "indices": [
                        117,
                        140
                    ]
                }
            ]
        },
        "source": "<a href=\"https://sproutsocial.com\" rel=\"nofollow\">Sprout Social</a>",
        "in_reply_to_status_id": null,
        "in_reply_to_status_id_str": null,
        "in_reply_to_user_id": null,
        "in_reply_to_user_id_str": null,
        "in_reply_to_screen_name": null,
        "user": {
            "id": 30354991,
            "id_str": "30354991",
            "name": "Kamala Harris",
            "screen_name": "KamalaHarris",
            "location": "Washington, DC",
            "description": "Fighting for the people. Wife, Momala, Auntie. She/her. Official account is @VP.",
            "url": "https://t.co/uBcfgtTRsi",
            "entities": {
                "url": {
                    "urls": [
                        {
                            "url": "https://t.co/uBcfgtTRsi",
                            "expanded_url": "https://joebiden.com",
                            "display_url": "joebiden.com",
                            "indices": [
                                0,
                                23
                            ]
                        }
                    ]
                },
                "description": {
                    "urls": [
                        
                    ]
                }
            },
            "protected": false,
            "followers_count": 19992633,
            "friends_count": 731,
            "listed_count": 27080,
            "created_at": "Sat Apr 11 00:42:07 +0000 2009",
            "favourites_count": 361,
            "utc_offset": null,
            "time_zone": null,
            "geo_enabled": false,
            "verified": true,
            "statuses_count": 16715,
            "lang": null,
            "contributors_enabled": false,
            "is_translator": false,
            "is_translation_enabled": false,
            "profile_background_color": "FFFFFF",
            "profile_background_image_url": "http://abs.twimg.com/images/themes/theme8/bg.gif",
            "profile_background_image_url_https": "https://abs.twimg.com/images/themes/theme8/bg.gif",
            "profile_background_tile": false,
            "profile_image_url": "http://pbs.twimg.com/profile_images/1377062766314467332/2hyqngJz_normal.jpg",
            "profile_image_url_https": "https://pbs.twimg.com/profile_images/1377062766314467332/2hyqngJz_normal.jpg",
            "profile_banner_url": "https://pbs.twimg.com/profile_banners/30354991/1626295504",
            "profile_link_color": "4468A6",
            "profile_sidebar_border_color": "FFFFFF",
            "profile_sidebar_fill_color": "FFFFFF",
            "profile_text_color": "333333",
            "profile_use_background_image": false,
            "has_extended_profile": false,
            "default_profile": false,
            "default_profile_image": false,
            "following": true,
            "follow_request_sent": false,
            "notifications": false,
            "translator_type": "none",
            "withheld_in_countries": [
                
            ]
        },
        "geo": null,
        "coordinates": null,
        "place": null,
        "contributors": null,
        "is_quote_status": false,
        "retweet_count": 340,
        "favorite_count": 2198,
        "favorited": false,
        "retweeted": false,
        "lang": "en"
    },
    {
        "created_at": "Wed Aug 31 22:20:09 +0000 2022",
        "id": 1565102168847392784,
        "id_str": "1565102168847392784",
        "text": "Filipina teen with no English given top cadet rank https://t.co/Car0fALojg",
        "truncated": false,
        "entities": {
            "hashtags": [
                
            ],
            "symbols": [
                
            ],
            "user_mentions": [
                
            ],
            "urls": [
                {
                    "url": "https://t.co/Car0fALojg",
                    "expanded_url": "https://bbc.in/3pUIjEB",
                    "display_url": "bbc.in/3pUIjEB",
                    "indices": [
                        51,
                        74
                    ]
                }
            ]
        },
        "source": "<a href=\"http://www.socialflow.com\" rel=\"nofollow\">SocialFlow</a>",
        "in_reply_to_status_id": null,
        "in_reply_to_status_id_str": null,
        "in_reply_to_user_id": null,
        "in_reply_to_user_id_str": null,
        "in_reply_to_screen_name": null,
        "user": {
            "id": 742143,
            "id_str": "742143",
            "name": "BBC News (World)",
            "screen_name": "BBCWorld",
            "location": "London, UK",
            "description": "News, features and analysis from the World's newsroom. Breaking news, follow @BBCBreaking. UK news, @BBCNews. Latest sports news @BBCSport",
            "url": "https://t.co/4zUWrLAYqP",
            "entities": {
                "url": {
                    "urls": [
                        {
                            "url": "https://t.co/4zUWrLAYqP",
                            "expanded_url": "http://www.bbc.com/news",
                            "display_url": "bbc.com/news",
                            "indices": [
                                0,
                                23
                            ]
                        }
                    ]
                },
                "description": {
                    "urls": [
                        
                    ]
                }
            },
            "protected": false,
            "followers_count": 38022012,
            "friends_count": 18,
            "listed_count": 132778,
            "created_at": "Thu Feb 01 07:44:29 +0000 2007",
            "favourites_count": 1,
            "utc_offset": null,
            "time_zone": null,
            "geo_enabled": true,
            "verified": true,
            "statuses_count": 350860,
            "lang": null,
            "contributors_enabled": false,
            "is_translator": false,
            "is_translation_enabled": true,
            "profile_background_color": "FFFFFF",
            "profile_background_image_url": "http://abs.twimg.com/images/themes/theme1/bg.png",
            "profile_background_image_url_https": "https://abs.twimg.com/images/themes/theme1/bg.png",
            "profile_background_tile": false,
            "profile_image_url": "http://pbs.twimg.com/profile_images/1529107170448523264/q3VwEx38_normal.jpg",
            "profile_image_url_https": "https://pbs.twimg.com/profile_images/1529107170448523264/q3VwEx38_normal.jpg",
            "profile_banner_url": "https://pbs.twimg.com/profile_banners/742143/1653400584",
            "profile_link_color": "1F527B",
            "profile_sidebar_border_color": "FFFFFF",
            "profile_sidebar_fill_color": "FFFFFF",
            "profile_text_color": "5A5A5A",
            "profile_use_background_image": true,
            "has_extended_profile": false,
            "default_profile": false,
            "default_profile_image": false,
            "following": true,
            "follow_request_sent": false,
            "notifications": false,
            "translator_type": "none",
            "withheld_in_countries": [
                
            ]
        },
        "geo": null,
        "coordinates": null,
        "place": null,
        "contributors": null,
        "is_quote_status": false,
        "retweet_count": 24,
        "favorite_count": 185,
        "favorited": false,
        "retweeted": false,
        "possibly_sensitive": false,
        "possibly_sensitive_appealable": false,
        "lang": "en"
    },
    {
        "created_at": "Wed Aug 31 22:20:07 +0000 2022",
        "id": 1565102160299302913,
        "id_str": "1565102160299302913",
        "text": "Families sue US over injuries allegedly caused by jet fuel leaks getting into Hawaii drinking water https://t.co/TCt9Fhy212",
        "truncated": false,
        "entities": {
            "hashtags": [
                
            ],
            "symbols": [
                
            ],
            "user_mentions": [
                
            ],
            "urls": [
                {
                    "url": "https://t.co/TCt9Fhy212",
                    "expanded_url": "https://fxn.ws/3wF7ezJ",
                    "display_url": "fxn.ws/3wF7ezJ",
                    "indices": [
                        100,
                        123
                    ]
                }
            ]
        },
        "source": "<a href=\"http://www.socialflow.com\" rel=\"nofollow\">SocialFlow</a>",
        "in_reply_to_status_id": null,
        "in_reply_to_status_id_str": null,
        "in_reply_to_user_id": null,
        "in_reply_to_user_id_str": null,
        "in_reply_to_screen_name": null,
        "user": {
            "id": 1367531,
            "id_str": "1367531",
            "name": "Fox News",
            "screen_name": "FoxNews",
            "location": "U.S.A.",
            "description": "Follow America's #1 cable news network, delivering you breaking news, insightful analysis, and must-see videos. https://t.co/sXA1eVB5Gv",
            "url": "https://t.co/s4jEId5Aef",
            "entities": {
                "url": {
                    "urls": [
                        {
                            "url": "https://t.co/s4jEId5Aef",
                            "expanded_url": "http://www.foxnews.com",
                            "display_url": "foxnews.com",
                            "indices": [
                                0,
                                23
                            ]
                        }
                    ]
                },
                "description": {
                    "urls": [
                        {
                            "url": "https://t.co/sXA1eVB5Gv",
                            "expanded_url": "http://foxnews.com/contact",
                            "display_url": "foxnews.com/contact",
                            "indices": [
                                112,
                                135
                            ]
                        }
                    ]
                }
            },
            "protected": false,
            "followers_count": 22305278,
            "friends_count": 261,
            "listed_count": 72680,
            "created_at": "Sat Mar 17 19:01:26 +0000 2007",
            "favourites_count": 4,
            "utc_offset": null,
            "time_zone": null,
            "geo_enabled": true,
            "verified": true,
            "statuses_count": 492198,
            "lang": null,
            "contributors_enabled": false,
            "is_translator": false,
            "is_translation_enabled": true,
            "profile_background_color": "0E2331",
            "profile_background_image_url": "http://abs.twimg.com/images/themes/theme1/bg.png",
            "profile_background_image_url_https": "https://abs.twimg.com/images/themes/theme1/bg.png",
            "profile_background_tile": false,
            "profile_image_url": "http://pbs.twimg.com/profile_images/1459143267673677853/xtIvtfZp_normal.jpg",
            "profile_image_url_https": "https://pbs.twimg.com/profile_images/1459143267673677853/xtIvtfZp_normal.jpg",
            "profile_banner_url": "https://pbs.twimg.com/profile_banners/1367531/1492649996",
            "profile_link_color": "183A52",
            "profile_sidebar_border_color": "FFFFFF",
            "profile_sidebar_fill_color": "F4F4F4",
            "profile_text_color": "000000",
            "profile_use_background_image": true,
            "has_extended_profile": false,
            "default_profile": false,
            "default_profile_image": false,
            "following": true,
            "follow_request_sent": false,
            "notifications": false,
            "translator_type": "regular",
            "withheld_in_countries": [
                
            ]
        },
        "geo": null,
        "coordinates": null,
        "place": null,
        "contributors": null,
        "is_quote_status": false,
        "retweet_count": 17,
        "favorite_count": 52,
        "favorited": false,
        "retweeted": false,
        "possibly_sensitive": false,
        "possibly_sensitive_appealable": false,
        "lang": "en"
    },
    {
        "created_at": "Wed Aug 31 22:15:17 +0000 2022",
        "id": 1565100940436422656,
        "id_str": "1565100940436422656",
        "text": "Watch #Artemis I launch to the Moon! The broadcast will begin Saturday, Sept. 3, at 12:15pm ET (16:15 UTC) on our T… https://t.co/JtWN6IY5fP",
        "truncated": true,
        "entities": {
            "hashtags": [
                {
                    "text": "Artemis",
                    "indices": [
                        6,
                        14
                    ]
                }
            ],
            "symbols": [
                
            ],
            "user_mentions": [
                
            ],
            "urls": [
                {
                    "url": "https://t.co/JtWN6IY5fP",
                    "expanded_url": "https://twitter.com/i/web/status/1565100940436422656",
                    "display_url": "twitter.com/i/web/status/1…",
                    "indices": [
                        117,
                        140
                    ]
                }
            ]
        },
        "source": "<a href=\"https://www.sprinklr.com\" rel=\"nofollow\">Sprinklr</a>",
        "in_reply_to_status_id": null,
        "in_reply_to_status_id_str": null,
        "in_reply_to_user_id": null,
        "in_reply_to_user_id_str": null,
        "in_reply_to_screen_name": null,
        "user": {
            "id": 11348282,
            "id_str": "11348282",
            "name": "NASA",
            "screen_name": "NASA",
            "location": "Pale Blue Dot",
            "description": "There's space for everybody. ✨",
            "url": "https://t.co/9NkQJKAnuU",
            "entities": {
                "url": {
                    "urls": [
                        {
                            "url": "https://t.co/9NkQJKAnuU",
                            "expanded_url": "http://www.nasa.gov/",
                            "display_url": "nasa.gov",
                            "indices": [
                                0,
                                23
                            ]
                        }
                    ]
                },
                "description": {
                    "urls": [
                        
                    ]
                }
            },
            "protected": false,
            "followers_count": 61749498,
            "friends_count": 181,
            "listed_count": 99442,
            "created_at": "Wed Dec 19 20:20:32 +0000 2007",
            "favourites_count": 14175,
            "utc_offset": null,
            "time_zone": null,
            "geo_enabled": false,
            "verified": true,
            "statuses_count": 68511,
            "lang": null,
            "contributors_enabled": false,
            "is_translator": false,
            "is_translation_enabled": false,
            "profile_background_color": "000000",
            "profile_background_image_url": "http://abs.twimg.com/images/themes/theme1/bg.png",
            "profile_background_image_url_https": "https://abs.twimg.com/images/themes/theme1/bg.png",
            "profile_background_tile": false,
            "profile_image_url": "http://pbs.twimg.com/profile_images/1321163587679784960/0ZxKlEKB_normal.jpg",
            "profile_image_url_https": "https://pbs.twimg.com/profile_images/1321163587679784960/0ZxKlEKB_normal.jpg",
            "profile_banner_url": "https://pbs.twimg.com/profile_banners/11348282/1659538659",
            "profile_link_color": "205BA7",
            "profile_sidebar_border_color": "000000",
            "profile_sidebar_fill_color": "F3F2F2",
            "profile_text_color": "000000",
            "profile_use_background_image": true,
            "has_extended_profile": true,
            "default_profile": false,
            "default_profile_image": false,
            "following": true,
            "follow_request_sent": false,
            "notifications": false,
            "translator_type": "regular",
            "withheld_in_countries": [
                
            ]
        },
        "geo": null,
        "coordinates": null,
        "place": null,
        "contributors": null,
        "is_quote_status": false,
        "retweet_count": 270,
        "favorite_count": 1139,
        "favorited": false,
        "retweeted": false,
        "possibly_sensitive": false,
        "possibly_sensitive_appealable": false,
        "lang": "en"
    },
    {
        "created_at": "Wed Aug 31 22:15:05 +0000 2022",
        "id": 1565100890394165248,
        "id_str": "1565100890394165248",
        "text": "Delta Air Lines issues $6B in refunds since 2020 https://t.co/VbYzJvB0nP",
        "truncated": false,
        "entities": {
            "hashtags": [
                
            ],
            "symbols": [
                
            ],
            "user_mentions": [
                
            ],
            "urls": [
                {
                    "url": "https://t.co/VbYzJvB0nP",
                    "expanded_url": "https://fxn.ws/3Tw4gYc",
                    "display_url": "fxn.ws/3Tw4gYc",
                    "indices": [
                        49,
                        72
                    ]
                }
            ]
        },
        "source": "<a href=\"http://www.socialflow.com\" rel=\"nofollow\">SocialFlow</a>",
        "in_reply_to_status_id": null,
        "in_reply_to_status_id_str": null,
        "in_reply_to_user_id": null,
        "in_reply_to_user_id_str": null,
        "in_reply_to_screen_name": null,
        "user": {
            "id": 1367531,
            "id_str": "1367531",
            "name": "Fox News",
            "screen_name": "FoxNews",
            "location": "U.S.A.",
            "description": "Follow America's #1 cable news network, delivering you breaking news, insightful analysis, and must-see videos. https://t.co/sXA1eVB5Gv",
            "url": "https://t.co/s4jEId5Aef",
            "entities": {
                "url": {
                    "urls": [
                        {
                            "url": "https://t.co/s4jEId5Aef",
                            "expanded_url": "http://www.foxnews.com",
                            "display_url": "foxnews.com",
                            "indices": [
                                0,
                                23
                            ]
                        }
                    ]
                },
                "description": {
                    "urls": [
                        {
                            "url": "https://t.co/sXA1eVB5Gv",
                            "expanded_url": "http://foxnews.com/contact",
                            "display_url": "foxnews.com/contact",
                            "indices": [
                                112,
                                135
                            ]
                        }
                    ]
                }
            },
            "protected": false,
            "followers_count": 22305278,
            "friends_count": 261,
            "listed_count": 72680,
            "created_at": "Sat Mar 17 19:01:26 +0000 2007",
            "favourites_count": 4,
            "utc_offset": null,
            "time_zone": null,
            "geo_enabled": true,
            "verified": true,
            "statuses_count": 492198,
            "lang": null,
            "contributors_enabled": false,
            "is_translator": false,
            "is_translation_enabled": true,
            "profile_background_color": "0E2331",
            "profile_background_image_url": "http://abs.twimg.com/images/themes/theme1/bg.png",
            "profile_background_image_url_https": "https://abs.twimg.com/images/themes/theme1/bg.png",
            "profile_background_tile": false,
            "profile_image_url": "http://pbs.twimg.com/profile_images/1459143267673677853/xtIvtfZp_normal.jpg",
            "profile_image_url_https": "https://pbs.twimg.com/profile_images/1459143267673677853/xtIvtfZp_normal.jpg",
            "profile_banner_url": "https://pbs.twimg.com/profile_banners/1367531/1492649996",
            "profile_link_color": "183A52",
            "profile_sidebar_border_color": "FFFFFF",
            "profile_sidebar_fill_color": "F4F4F4",
            "profile_text_color": "000000",
            "profile_use_background_image": true,
            "has_extended_profile": false,
            "default_profile": false,
            "default_profile_image": false,
            "following": true,
            "follow_request_sent": false,
            "notifications": false,
            "translator_type": "regular",
            "withheld_in_countries": [
                
            ]
        },
        "geo": null,
        "coordinates": null,
        "place": null,
        "contributors": null,
        "is_quote_status": false,
        "retweet_count": 21,
        "favorite_count": 46,
        "favorited": false,
        "retweeted": false,
        "possibly_sensitive": false,
        "possibly_sensitive_appealable": false,
        "lang": "en"
    },
    {
        "created_at": "Wed Aug 31 22:10:05 +0000 2022",
        "id": 1565099635504447488,
        "id_str": "1565099635504447488",
        "text": "Lisa Marie Presley says she felt like a 'pariah' after loss of son Benjamin https://t.co/N8y4N9sKHd",
        "truncated": false,
        "entities": {
            "hashtags": [
                
            ],
            "symbols": [
                
            ],
            "user_mentions": [
                
            ],
            "urls": [
                {
                    "url": "https://t.co/N8y4N9sKHd",
                    "expanded_url": "https://fxn.ws/3TxDui4",
                    "display_url": "fxn.ws/3TxDui4",
                    "indices": [
                        76,
                        99
                    ]
                }
            ]
        },
        "source": "<a href=\"http://www.socialflow.com\" rel=\"nofollow\">SocialFlow</a>",
        "in_reply_to_status_id": null,
        "in_reply_to_status_id_str": null,
        "in_reply_to_user_id": null,
        "in_reply_to_user_id_str": null,
        "in_reply_to_screen_name": null,
        "user": {
            "id": 1367531,
            "id_str": "1367531",
            "name": "Fox News",
            "screen_name": "FoxNews",
            "location": "U.S.A.",
            "description": "Follow America's #1 cable news network, delivering you breaking news, insightful analysis, and must-see videos. https://t.co/sXA1eVB5Gv",
            "url": "https://t.co/s4jEId5Aef",
            "entities": {
                "url": {
                    "urls": [
                        {
                            "url": "https://t.co/s4jEId5Aef",
                            "expanded_url": "http://www.foxnews.com",
                            "display_url": "foxnews.com",
                            "indices": [
                                0,
                                23
                            ]
                        }
                    ]
                },
                "description": {
                    "urls": [
                        {
                            "url": "https://t.co/sXA1eVB5Gv",
                            "expanded_url": "http://foxnews.com/contact",
                            "display_url": "foxnews.com/contact",
                            "indices": [
                                112,
                                135
                            ]
                        }
                    ]
                }
            },
            "protected": false,
            "followers_count": 22305278,
            "friends_count": 261,
            "listed_count": 72680,
            "created_at": "Sat Mar 17 19:01:26 +0000 2007",
            "favourites_count": 4,
            "utc_offset": null,
            "time_zone": null,
            "geo_enabled": true,
            "verified": true,
            "statuses_count": 492198,
            "lang": null,
            "contributors_enabled": false,
            "is_translator": false,
            "is_translation_enabled": true,
            "profile_background_color": "0E2331",
            "profile_background_image_url": "http://abs.twimg.com/images/themes/theme1/bg.png",
            "profile_background_image_url_https": "https://abs.twimg.com/images/themes/theme1/bg.png",
            "profile_background_tile": false,
            "profile_image_url": "http://pbs.twimg.com/profile_images/1459143267673677853/xtIvtfZp_normal.jpg",
            "profile_image_url_https": "https://pbs.twimg.com/profile_images/1459143267673677853/xtIvtfZp_normal.jpg",
            "profile_banner_url": "https://pbs.twimg.com/profile_banners/1367531/1492649996",
            "profile_link_color": "183A52",
            "profile_sidebar_border_color": "FFFFFF",
            "profile_sidebar_fill_color": "F4F4F4",
            "profile_text_color": "000000",
            "profile_use_background_image": true,
            "has_extended_profile": false,
            "default_profile": false,
            "default_profile_image": false,
            "following": true,
            "follow_request_sent": false,
            "notifications": false,
            "translator_type": "regular",
            "withheld_in_countries": [
                
            ]
        },
        "geo": null,
        "coordinates": null,
        "place": null,
        "contributors": null,
        "is_quote_status": false,
        "retweet_count": 11,
        "favorite_count": 49,
        "favorited": false,
        "retweeted": false,
        "possibly_sensitive": false,
        "possibly_sensitive_appealable": false,
        "lang": "en"
    },
    {
        "created_at": "Wed Aug 31 22:06:27 +0000 2022",
        "id": 1565098718944264192,
        "id_str": "1565098718944264192",
        "text": "OH, BABY: Canine unit helped border agents make the largest bust in 20 years. https://t.co/paHERjbyTa https://t.co/7m2qdoGi9X",
        "truncated": false,
        "entities": {
            "hashtags": [
                
            ],
            "symbols": [
                
            ],
            "user_mentions": [
                
            ],
            "urls": [
                {
                    "url": "https://t.co/paHERjbyTa",
                    "expanded_url": "https://fxn.ws/3Ro7eMj",
                    "display_url": "fxn.ws/3Ro7eMj",
                    "indices": [
                        78,
                        101
                    ]
                }
            ],
            "media": [
                {
                    "id": 1565098716205383681,
                    "id_str": "1565098716205383681",
                    "indices": [
                        102,
                        125
                    ],
                    "media_url": "http://pbs.twimg.com/media/FbhY_XnXgAE6UTB.jpg",
                    "media_url_https": "https://pbs.twimg.com/media/FbhY_XnXgAE6UTB.jpg",
                    "url": "https://t.co/7m2qdoGi9X",
                    "display_url": "pic.twitter.com/7m2qdoGi9X",
                    "expanded_url": "https://twitter.com/FoxNews/status/1565098718944264192/photo/1",
                    "type": "photo",
                    "sizes": {
                        "thumb": {
                            "w": 150,
                            "h": 150,
                            "resize": "crop"
                        },
                        "small": {
                            "w": 680,
                            "h": 680,
                            "resize": "fit"
                        },
                        "medium": {
                            "w": 1000,
                            "h": 1000,
                            "resize": "fit"
                        },
                        "large": {
                            "w": 1000,
                            "h": 1000,
                            "resize": "fit"
                        }
                    }
                }
            ]
        },
        "extended_entities": {
            "media": [
                {
                    "id": 1565098716205383681,
                    "id_str": "1565098716205383681",
                    "indices": [
                        102,
                        125
                    ],
                    "media_url": "http://pbs.twimg.com/media/FbhY_XnXgAE6UTB.jpg",
                    "media_url_https": "https://pbs.twimg.com/media/FbhY_XnXgAE6UTB.jpg",
                    "url": "https://t.co/7m2qdoGi9X",
                    "display_url": "pic.twitter.com/7m2qdoGi9X",
                    "expanded_url": "https://twitter.com/FoxNews/status/1565098718944264192/photo/1",
                    "type": "photo",
                    "sizes": {
                        "thumb": {
                            "w": 150,
                            "h": 150,
                            "resize": "crop"
                        },
                        "small": {
                            "w": 680,
                            "h": 680,
                            "resize": "fit"
                        },
                        "medium": {
                            "w": 1000,
                            "h": 1000,
                            "resize": "fit"
                        },
                        "large": {
                            "w": 1000,
                            "h": 1000,
                            "resize": "fit"
                        }
                    }
                }
            ]
        },
        "source": "<a href=\"http://www.socialflow.com\" rel=\"nofollow\">SocialFlow</a>",
        "in_reply_to_status_id": null,
        "in_reply_to_status_id_str": null,
        "in_reply_to_user_id": null,
        "in_reply_to_user_id_str": null,
        "in_reply_to_screen_name": null,
        "user": {
            "id": 1367531,
            "id_str": "1367531",
            "name": "Fox News",
            "screen_name": "FoxNews",
            "location": "U.S.A.",
            "description": "Follow America's #1 cable news network, delivering you breaking news, insightful analysis, and must-see videos. https://t.co/sXA1eVB5Gv",
            "url": "https://t.co/s4jEId5Aef",
            "entities": {
                "url": {
                    "urls": [
                        {
                            "url": "https://t.co/s4jEId5Aef",
                            "expanded_url": "http://www.foxnews.com",
[...]
    },
    {
        "userId": 4,
        "id": 35,
        "title": "id nihil consequatur molestias animi provident",
        "body": "nisi error delectus possimus ut eligendi vitae\nplaceat eos harum cupiditate facilis reprehenderit voluptatem beatae\nmodi ducimus quo illum voluptas eligendi\net nobis quia fugit"
    },
    {
        "userId": 4,
        "id": 36,
        "title": "fuga nam accusamus voluptas reiciendis itaque",
        "body": "ad mollitia et omnis minus architecto odit\nvoluptas doloremque maxime aut non ipsa qui alias veniam\nblanditiis culpa aut quia nihil cumque facere et occaecati\nqui aspernatur quia eaque ut aperiam inventore"
    },
    {
        "userId": 4,
        "id": 37,
        "title": "provident vel ut sit ratione est",
        "body": "debitis et eaque non officia sed nesciunt pariatur vel\nvoluptatem iste vero et ea\nnumquam aut expedita ipsum nulla in\nvoluptates omnis consequatur aut enim officiis in quam qui"
    },
    {
        "userId": 4,
        "id": 38,
        "title": "explicabo et eos deleniti nostrum ab id repellendus",
        "body": "animi esse sit aut sit nesciunt assumenda eum voluptas\nquia voluptatibus provident quia necessitatibus ea\nrerum repudiandae quia voluptatem delectus fugit aut id quia\nratione optio eos iusto veniam iure"
    },
    {
        "userId": 4,
        "id": 39,
        "title": "eos dolorem iste accusantium est eaque quam",
        "body": "corporis rerum ducimus vel eum accusantium\nmaxime aspernatur a porro possimus iste omnis\nest in deleniti asperiores fuga aut\nvoluptas sapiente vel dolore minus voluptatem incidunt ex"
    },
    {
        "userId": 4,
        "id": 40,
        "title": "enim quo cumque",
        "body": "ut voluptatum aliquid illo tenetur nemo sequi quo facilis\nipsum rem optio mollitia quas\nvoluptatem eum voluptas qui\nunde omnis voluptatem iure quasi maxime voluptas nam"
    },
    {
        "userId": 5,
        "id": 41,
        "title": "non est facere",
        "body": "molestias id nostrum\nexcepturi molestiae dolore omnis repellendus quaerat saepe\nconsectetur iste quaerat tenetur asperiores accusamus ex ut\nnam quidem est ducimus sunt debitis saepe"
    },
    {
        "userId": 5,
        "id": 42,
        "title": "commodi ullam sint et excepturi error explicabo praesentium voluptas",
        "body": "odio fugit voluptatum ducimus earum autem est incidunt voluptatem\nodit reiciendis aliquam sunt sequi nulla dolorem\nnon facere repellendus voluptates quia\nratione harum vitae ut"
    },
    {
        "userId": 5,
        "id": 43,
        "title": "eligendi iste nostrum consequuntur adipisci praesentium sit beatae perferendis",
        "body": "similique fugit est\nillum et dolorum harum et voluptate eaque quidem\nexercitationem quos nam commodi possimus cum odio nihil nulla\ndolorum exercitationem magnam ex et a et distinctio debitis"
    },
    {
        "userId": 5,
        "id": 44,
        "title": "optio dolor molestias sit",
        "body": "temporibus est consectetur dolore\net libero debitis vel velit laboriosam quia\nipsum quibusdam qui itaque fuga rem aut\nea et iure quam sed maxime ut distinctio quae"
    },
    {
        "userId": 5,
        "id": 45,
        "title": "ut numquam possimus omnis eius suscipit laudantium iure",
        "body": "est natus reiciendis nihil possimus aut provident\nex et dolor\nrepellat pariatur est\nnobis rerum repellendus dolorem autem"
    },
    {
        "userId": 5,
        "id": 46,
        "title": "aut quo modi neque nostrum ducimus",
        "body": "voluptatem quisquam iste\nvoluptatibus natus officiis facilis dolorem\nquis quas ipsam\nvel et voluptatum in aliquid"
    },
    {
        "userId": 5,
        "id": 47,
        "title": "quibusdam cumque rem aut deserunt",
        "body": "voluptatem assumenda ut qui ut cupiditate aut impedit veniam\noccaecati nemo illum voluptatem laudantium\nmolestiae beatae rerum ea iure soluta nostrum\neligendi et voluptate"
    },
    {
        "userId": 5,
        "id": 48,
        "title": "ut voluptatem illum ea doloribus itaque eos",
        "body": "voluptates quo voluptatem facilis iure occaecati\nvel assumenda rerum officia et\nillum perspiciatis ab deleniti\nlaudantium repellat ad ut et autem reprehenderit"
    },
    {
        "userId": 5,
        "id": 49,
        "title": "laborum non sunt aut ut assumenda perspiciatis voluptas",
        "body": "inventore ab sint\nnatus fugit id nulla sequi architecto nihil quaerat\neos tenetur in in eum veritatis non\nquibusdam officiis aspernatur cumque aut commodi aut"
    },
    {
        "userId": 5,
        "id": 50,
        "title": "repellendus qui recusandae incidunt voluptates tenetur qui omnis exercitationem",
        "body": "error suscipit maxime adipisci consequuntur recusandae\nvoluptas eligendi et est et voluptates\nquia distinctio ab amet quaerat molestiae et vitae\nadipisci impedit sequi nesciunt quis consectetur"
    },
    {
        "userId": 6,
        "id": 51,
        "title": "soluta aliquam aperiam consequatur illo quis voluptas",
        "body": "sunt dolores aut doloribus\ndolore doloribus voluptates tempora et\ndoloremque et quo\ncum asperiores sit consectetur dolorem"
    },
    {
        "userId": 6,
        "id": 52,
        "title": "qui enim et consequuntur quia animi quis voluptate quibusdam",
        "body": "iusto est quibusdam fuga quas quaerat molestias\na enim ut sit accusamus enim\ntemporibus iusto accusantium provident architecto\nsoluta esse reprehenderit qui laborum"
    },
    {
        "userId": 6,
        "id": 53,
        "title": "ut quo aut ducimus alias",
        "body": "minima harum praesentium eum rerum illo dolore\nquasi exercitationem rerum nam\nporro quis neque quo\nconsequatur minus dolor quidem veritatis sunt non explicabo similique"
    },
    {
        "userId": 6,
        "id": 54,
        "title": "sit asperiores ipsam eveniet odio non quia",
        "body": "totam corporis dignissimos\nvitae dolorem ut occaecati accusamus\nex velit deserunt\net exercitationem vero incidunt corrupti mollitia"
    },
    {
        "userId": 6,
        "id": 55,
        "title": "sit vel voluptatem et non libero",
        "body": "debitis excepturi ea perferendis harum libero optio\neos accusamus cum fuga ut sapiente repudiandae\net ut incidunt omnis molestiae\nnihil ut eum odit"
    },
    {
        "userId": 6,
        "id": 56,
        "title": "qui et at rerum necessitatibus",
        "body": "aut est omnis dolores\nneque rerum quod ea rerum velit pariatur beatae excepturi\net provident voluptas corrupti\ncorporis harum reprehenderit dolores eligendi"
    },
    {
        "userId": 6,
        "id": 57,
        "title": "sed ab est est",
        "body": "at pariatur consequuntur earum quidem\nquo est laudantium soluta voluptatem\nqui ullam et est\net cum voluptas voluptatum repellat est"
    },
    {
        "userId": 6,
        "id": 58,
        "title": "voluptatum itaque dolores nisi et quasi",
        "body": "veniam voluptatum quae adipisci id\net id quia eos ad et dolorem\naliquam quo nisi sunt eos impedit error\nad similique veniam"
    },
    {
        "userId": 6,
        "id": 59,
        "title": "qui commodi dolor at maiores et quis id accusantium",
        "body": "perspiciatis et quam ea autem temporibus non voluptatibus qui\nbeatae a earum officia nesciunt dolores suscipit voluptas et\nanimi doloribus cum rerum quas et magni\net hic ut ut commodi expedita sunt"
    },
    {
        "userId": 6,
        "id": 60,
        "title": "consequatur placeat omnis quisquam quia reprehenderit fugit veritatis facere",
        "body": "asperiores sunt ab assumenda cumque modi velit\nqui esse omnis\nvoluptate et fuga perferendis voluptas\nillo ratione amet aut et omnis"
    },
    {
        "userId": 7,
        "id": 61,
        "title": "voluptatem doloribus consectetur est ut ducimus",
        "body": "ab nemo optio odio\ndelectus tenetur corporis similique nobis repellendus rerum omnis facilis\nvero blanditiis debitis in nesciunt doloribus dicta dolores\nmagnam minus velit"
    },
    {
        "userId": 7,
        "id": 62,
        "title": "beatae enim quia vel",
        "body": "enim aspernatur illo distinctio quae praesentium\nbeatae alias amet delectus qui voluptate distinctio\nodit sint accusantium autem omnis\nquo molestiae omnis ea eveniet optio"
    },
    {
        "userId": 7,
        "id": 63,
        "title": "voluptas blanditiis repellendus animi ducimus error sapiente et suscipit",
        "body": "enim adipisci aspernatur nemo\nnumquam omnis facere dolorem dolor ex quis temporibus incidunt\nab delectus culpa quo reprehenderit blanditiis asperiores\naccusantium ut quam in voluptatibus voluptas ipsam dicta"
    },
    {
        "userId": 7,
        "id": 64,
        "title": "et fugit quas eum in in aperiam quod",
        "body": "id velit blanditiis\neum ea voluptatem\nmolestiae sint occaecati est eos perspiciatis\nincidunt a error provident eaque aut aut qui"
    },
    {
        "userId": 7,
        "id": 65,
        "title": "consequatur id enim sunt et et",
        "body": "voluptatibus ex esse\nsint explicabo est aliquid cumque adipisci fuga repellat labore\nmolestiae corrupti ex saepe at asperiores et perferendis\nnatus id esse incidunt pariatur"
    },
    {
        "userId": 7,
        "id": 66,
        "title": "repudiandae ea animi iusto",
        "body": "officia veritatis tenetur vero qui itaque\nsint non ratione\nsed et ut asperiores iusto eos molestiae nostrum\nveritatis quibusdam et nemo iusto saepe"
    },
    {
        "userId": 7,
        "id": 67,
        "title": "aliquid eos sed fuga est maxime repellendus",
        "body": "reprehenderit id nostrum\nvoluptas doloremque pariatur sint et accusantium quia quod aspernatur\net fugiat amet\nnon sapiente et consequatur necessitatibus molestiae"
    },
    {
        "userId": 7,
        "id": 68,
        "title": "odio quis facere architecto reiciendis optio",
        "body": "magnam molestiae perferendis quisquam\nqui cum reiciendis\nquaerat animi amet hic inventore\nea quia deleniti quidem saepe porro velit"
    },
    {
        "userId": 7,
        "id": 69,
        "title": "fugiat quod pariatur odit minima",
        "body": "officiis error culpa consequatur modi asperiores et\ndolorum assumenda voluptas et vel qui aut vel rerum\nvoluptatum quisquam perspiciatis quia rerum consequatur totam quas\nsequi commodi repudiandae asperiores et saepe a"
    },
    {
        "userId": 7,
        "id": 70,
        "title": "voluptatem laborum magni",
        "body": "sunt repellendus quae\nest asperiores aut deleniti esse accusamus repellendus quia aut\nquia dolorem unde\neum tempora esse dolore"
    },
    {
        "userId": 8,
        "id": 71,
        "title": "et iusto veniam et illum aut fuga",
        "body": "occaecati a doloribus\niste saepe consectetur placeat eum voluptate dolorem et\nqui quo quia voluptas\nrerum ut id enim velit est perferendis"
    },
    {
        "userId": 8,
        "id": 72,
        "title": "sint hic doloribus consequatur eos non id",
        "body": "quam occaecati qui deleniti consectetur\nconsequatur aut facere quas exercitationem aliquam hic voluptas\nneque id sunt ut aut accusamus\nsunt consectetur expedita inventore velit"
    },
    {
        "userId": 8,
        "id": 73,
        "title": "consequuntur deleniti eos quia temporibus ab aliquid at",
        "body": "voluptatem cumque tenetur consequatur expedita ipsum nemo quia explicabo\naut eum minima consequatur\ntempore cumque quae est et\net in consequuntur voluptatem voluptates aut"
    },
    {
        "userId": 8,
        "id": 74,
        "title": "enim unde ratione doloribus quas enim ut sit sapiente",
        "body": "odit qui et et necessitatibus sint veniam\nmollitia amet doloremque molestiae commodi similique magnam et quam\nblanditiis est itaque\nquo et tenetur ratione occaecati molestiae tempora"
    },
    {
        "userId": 8,
        "id": 75,
        "title": "dignissimos eum dolor ut enim et delectus in",
        "body": "commodi non non omnis et voluptas sit\nautem aut nobis magnam et sapiente voluptatem\net laborum repellat qui delectus facilis temporibus\nrerum amet et nemo voluptate expedita adipisci error dolorem"
    },
    {
        "userId": 8,
        "id": 76,
        "title": "doloremque officiis ad et non perferendis",
        "body": "ut animi facere\ntotam iusto tempore\nmolestiae eum aut et dolorem aperiam\nquaerat recusandae totam odio"
    },
    {
        "userId": 8,
        "id": 77,
        "title": "necessitatibus quasi exercitationem odio",
        "body": "modi ut in nulla repudiandae dolorum nostrum eos\naut consequatur omnis\nut incidunt est omnis iste et quam\nvoluptates sapiente aliquam asperiores nobis amet corrupti repudiandae provident"
    },
    {
        "userId": 8,
        "id": 78,
        "title": "quam voluptatibus rerum veritatis",
        "body": "nobis facilis odit tempore cupiditate quia\nassumenda doloribus rerum qui ea\nillum et qui totam\naut veniam repellendus"
    },
    {
        "userId": 8,
        "id": 79,
        "title": "pariatur consequatur quia magnam autem omnis non amet",
        "body": "libero accusantium et et facere incidunt sit dolorem\nnon excepturi qui quia sed laudantium\nquisquam molestiae ducimus est\nofficiis esse molestiae iste et quos"
    },
    {
        "userId": 8,
        "id": 80,
        "title": "labore in ex et explicabo corporis aut quas",
        "body": "ex quod dolorem ea eum iure qui provident amet\nquia qui facere excepturi et repudiandae\nasperiores molestias provident\nminus incidunt vero fugit rerum sint sunt excepturi provident"
    },
    {
        "userId": 9,
        "id": 81,
        "title": "tempora rem veritatis voluptas quo dolores vero",
        "body": "facere qui nesciunt est voluptatum voluptatem nisi\nsequi eligendi necessitatibus ea at rerum itaque\nharum non ratione velit laboriosam quis consequuntur\nex officiis minima doloremque voluptas ut aut"
    },
    {
        "userId": 9,
        "id": 82,
        "title": "laudantium voluptate suscipit sunt enim enim",
        "body": "ut libero sit aut totam inventore sunt\nporro sint qui sunt molestiae\nconsequatur cupiditate qui iste ducimus adipisci\ndolor enim assumenda soluta laboriosam amet iste delectus hic"
    },
    {
        "userId": 9,
        "id": 83,
        "title": "odit et voluptates doloribus alias odio et",
        "body": "est molestiae facilis quis tempora numquam nihil qui\nvoluptate sapiente consequatur est qui\nnecessitatibus autem aut ipsa aperiam modi dolore numquam\nreprehenderit eius rem quibusdam"
    },
    {
        "userId": 9,
        "id": 84,
        "title": "optio ipsam molestias necessitatibus occaecati facilis veritatis dolores aut",
        "body": "sint molestiae magni a et quos\neaque et quasi\nut rerum debitis similique veniam\nrecusandae dignissimos dolor incidunt consequatur odio"
    },
    {
        "userId": 9,
        "id": 85,
        "title": "dolore veritatis porro provident adipisci blanditiis et sunt",
        "body": "similique sed nisi voluptas iusto omnis\nmollitia et quo\nassumenda suscipit officia magnam sint sed tempora\nenim provident pariatur praesentium atque animi amet ratione"
    },
    {
        "userId": 9,
        "id": 86,
        "title": "placeat quia et porro iste",
        "body": "quasi excepturi consequatur iste autem temporibus sed molestiae beatae\net quaerat et esse ut\nvoluptatem occaecati et vel explicabo autem\nasperiores pariatur deserunt optio"
    },
    {
        "userId": 9,
        "id": 87,
        "title": "nostrum quis quasi placeat",
        "body": "eos et molestiae\nnesciunt ut a\ndolores perspiciatis repellendus repellat aliquid\nmagnam sint rem ipsum est"
    },
    {
        "userId": 9,
        "id": 88,
        "title": "sapiente omnis fugit eos",
        "body": "consequatur omnis est praesentium\nducimus non iste\nneque hic deserunt\nvoluptatibus veniam cum et rerum sed"
    },
    {
        "userId": 9,
        "id": 89,
        "title": "sint soluta et vel magnam aut ut sed qui",
        "body": "repellat aut aperiam totam temporibus autem et\narchitecto magnam ut\nconsequatur qui cupiditate rerum quia soluta dignissimos nihil iure\ntempore quas est"
    },
    {
        "userId": 9,
        "id": 90,
        "title": "ad iusto omnis odit dolor voluptatibus",
        "body": "minus omnis soluta quia\nqui sed adipisci voluptates illum ipsam voluptatem\neligendi officia ut in\neos soluta similique molestias praesentium blanditiis"
    },
    {
        "userId": 10,
        "id": 91,
        "title": "aut amet sed",
        "body": "libero voluptate eveniet aperiam sed\nsunt placeat suscipit molestias\nsimilique fugit nam natus\nexpedita consequatur consequatur dolores quia eos et placeat"
    },
    {
        "userId": 10,
        "id": 92,
        "title": "ratione ex tenetur perferendis",
        "body": "aut et excepturi dicta laudantium sint rerum nihil\nlaudantium et at\na neque minima officia et similique libero et\ncommodi voluptate qui"
    },
    {
        "userId": 10,
        "id": 93,
        "title": "beatae soluta recusandae",
        "body": "dolorem quibusdam ducimus consequuntur dicta aut quo laboriosam\nvoluptatem quis enim recusandae ut sed sunt\nnostrum est odit totam\nsit error sed sunt eveniet provident qui nulla"
    },
    {
        "userId": 10,
        "id": 94,
        "title": "qui qui voluptates illo iste minima",
        "body": "aspernatur expedita soluta quo ab ut similique\nexpedita dolores amet\nsed temporibus distinctio magnam saepe deleniti\nomnis facilis nam ipsum natus sint similique omnis"
    },
    {
        "userId": 10,
        "id": 95,
        "title": "id minus libero illum nam ad officiis",
        "body": "earum voluptatem facere provident blanditiis velit laboriosam\npariatur accusamus odio saepe\ncumque dolor qui a dicta ab doloribus consequatur omnis\ncorporis cupiditate eaque assumenda ad nesciunt"
    },
    {
        "userId": 10,
        "id": 96,
        "title": "quaerat velit veniam amet cupiditate aut numquam ut sequi",
        "body": "in non odio excepturi sint eum\nlabore voluptates vitae quia qui et\ninventore itaque rerum\nveniam non exercitationem delectus aut"
    },
    {
        "userId": 10,
        "id": 97,
        "title": "quas fugiat ut perspiciatis vero provident",
        "body": "eum non blanditiis soluta porro quibusdam voluptas\nvel voluptatem qui placeat dolores qui velit aut\nvel inventore aut cumque culpa explicabo aliquid at\nperspiciatis est et voluptatem dignissimos dolor itaque sit nam"
    },
    {
        "userId": 10,
        "id": 98,
        "title": "laboriosam dolor voluptates",
        "body": "doloremque ex facilis sit sint culpa\nsoluta assumenda eligendi non ut eius\nsequi ducimus vel quasi\nveritatis est dolores"
    },
    {
        "userId": 10,
        "id": 99,
        "title": "temporibus sit alias delectus eligendi possimus magni",
        "body": "quo deleniti praesentium dicta non quod\naut est molestias\nmolestias et officia quis nihil\nitaque dolorem quia"
    },
    {
        "userId": 10,
        "id": 100,
        "title": "at nam consequatur ea labore ea harum",
        "body": "cupiditate quo est a modi nesciunt soluta\nipsa voluptas error itaque dicta in\nautem qui minus magnam et distinctio eum\naccusamus ratione error aut"
    }
]
]]></system-out>
  </testcase>
  <testcase name="testUserCanCreateAPostSuccessfully" classname="typicodeTest.TestTypiCode" time="0.09">
    <system-out><![CDATA[{
    "patientName": "james",
    "contact": "779879879",
    "title": "Dr",
    "body": "Patient descriptions",
    "userId": 20,
    "id": 101
}
]]></system-out>
  </testcase>
</testsuite>